<?xml version="1.0" encoding="UTF-8"?>
<!-- Generated by org.testng.reporters.JUnitReportReporter -->
<testsuite skipped="0" hostname="LAPTOP-R70E16ME" name="com.crm.qa.testcases.Userpagetest" tests="1" failures="0" timestamp="20 Nov 2019 09:17:07 GMT" time="6.081" errors="0">
  <testcase name="User_list" time="6.081" classname="com.crm.qa.testcases.Userpagetest"/>
</testsuite> <!-- com.crm.qa.testcases.Userpagetest -->
